0 info it worked if it ends with ok
1 verbose cli [ 'node', '/usr/bin/npm', 'start', '--production' ]
2 info using npm@3.8.0
3 info using node@v0.10.43
4 verbose run-script [ 'prestart', 'start', 'poststart' ]
5 info lifecycle ghost@0.6.4~prestart: ghost@0.6.4
6 silly lifecycle ghost@0.6.4~prestart: no script for prestart, continuing
7 info lifecycle ghost@0.6.4~start: ghost@0.6.4
8 verbose lifecycle ghost@0.6.4~start: unsafe-perm in lifecycle true
9 verbose lifecycle ghost@0.6.4~start: PATH: /usr/lib/node_modules/npm/bin/node-gyp-bin:/var/www/ghost/node_modules/.bin:/usr/bin:/sbin:/bin:/usr/sbin:/usr/bin:/opt/aws/bin
10 verbose lifecycle ghost@0.6.4~start: CWD: /var/www/ghost
11 silly lifecycle ghost@0.6.4~start: Args: [ '-c', 'node index' ]
12 silly lifecycle ghost@0.6.4~start: Returned: code: 255  signal: null
13 info lifecycle ghost@0.6.4~start: Failed to exec start script
14 verbose stack Error: ghost@0.6.4 start: `node index`
14 verbose stack Exit status 255
14 verbose stack     at EventEmitter.<anonymous> (/usr/lib/node_modules/npm/lib/utils/lifecycle.js:239:16)
14 verbose stack     at EventEmitter.emit (events.js:98:17)
14 verbose stack     at ChildProcess.<anonymous> (/usr/lib/node_modules/npm/lib/utils/spawn.js:24:14)
14 verbose stack     at ChildProcess.emit (events.js:98:17)
14 verbose stack     at maybeClose (child_process.js:766:16)
14 verbose stack     at Process.ChildProcess._handle.onexit (child_process.js:833:5)
15 verbose pkgid ghost@0.6.4
16 verbose cwd /var/www/ghost
17 error Linux 4.1.17-22.30.amzn1.x86_64
18 error argv "node" "/usr/bin/npm" "start" "--production"
19 error node v0.10.43
20 error npm  v3.8.0
21 error code ELIFECYCLE
22 error ghost@0.6.4 start: `node index`
22 error Exit status 255
23 error Failed at the ghost@0.6.4 start script 'node index'.
23 error Make sure you have the latest version of node.js and npm installed.
23 error If you do, this is most likely a problem with the ghost package,
23 error not with npm itself.
23 error Tell the author that this fails on your system:
23 error     node index
23 error You can get information on how to open an issue for this project with:
23 error     npm bugs ghost
23 error Or if that isn't available, you can get their info via:
23 error     npm owner ls ghost
23 error There is likely additional logging output above.
24 verbose exit [ 1, true ]
